26/04/23 04:22:16 WARN Utils: Your hostname, PC resolves to a loopback address: 127.0.1.1; using 10.255.255.254 instead (on interface lo)
26/04/23 04:22:16 WARN Utils: Set SPARK_LOCAL_IP if you need to bind to another address
26/04/23 04:22:17 INFO SparkContext: Running Spark version 3.5.1
26/04/23 04:22:17 INFO SparkContext: OS info Linux, 6.6.87.2-microsoft-standard-WSL2, amd64
26/04/23 04:22:17 INFO SparkContext: Java version 17.0.18
26/04/23 04:22:17 WARN NativeCodeLoader: Unable to load native-hadoop library for your platform... using builtin-java classes where applicable
26/04/23 04:22:17 INFO ResourceUtils: ==============================================================
26/04/23 04:22:17 INFO ResourceUtils: No custom resources configured for spark.driver.
26/04/23 04:22:17 INFO ResourceUtils: ==============================================================
26/04/23 04:22:17 INFO SparkContext: Submitted application: etl_warehouse
26/04/23 04:22:17 INFO ResourceProfile: Default ResourceProfile created, executor resources: Map(cores -> name: cores, amount: 1, script: , vendor: , memory -> name: memory, amount: 1024, script: , vendor: , offHeap -> name: offHeap, amount: 0, script: , vendor: ), task resources: Map(cpus -> name: cpus, amount: 1.0)
26/04/23 04:22:17 INFO ResourceProfile: Limiting resource is cpu
26/04/23 04:22:18 INFO ResourceProfileManager: Added ResourceProfile id: 0
26/04/23 04:22:18 INFO SecurityManager: Changing view acls to: dloc
26/04/23 04:22:18 INFO SecurityManager: Changing modify acls to: dloc
26/04/23 04:22:18 INFO SecurityManager: Changing view acls groups to: 
26/04/23 04:22:18 INFO SecurityManager: Changing modify acls groups to: 
26/04/23 04:22:18 INFO SecurityManager: SecurityManager: authentication disabled; ui acls disabled; users with view permissions: dloc; groups with view permissions: EMPTY; users with modify permissions: dloc; groups with modify permissions: EMPTY
26/04/23 04:22:18 INFO Utils: Successfully started service 'sparkDriver' on port 41493.
26/04/23 04:22:18 INFO SparkEnv: Registering MapOutputTracker
26/04/23 04:22:18 INFO SparkEnv: Registering BlockManagerMaster
26/04/23 04:22:18 INFO BlockManagerMasterEndpoint: Using org.apache.spark.storage.DefaultTopologyMapper for getting topology information
26/04/23 04:22:18 INFO BlockManagerMasterEndpoint: BlockManagerMasterEndpoint up
26/04/23 04:22:18 INFO SparkEnv: Registering BlockManagerMasterHeartbeat
26/04/23 04:22:18 INFO DiskBlockManager: Created local directory at /tmp/blockmgr-861cf935-0a38-4dee-9b28-69871f93e451
26/04/23 04:22:18 INFO MemoryStore: MemoryStore started with capacity 4.6 GiB
26/04/23 04:22:18 INFO SparkEnv: Registering OutputCommitCoordinator
26/04/23 04:22:18 INFO JettyUtils: Start Jetty 0.0.0.0:4040 for SparkUI
26/04/23 04:22:18 INFO Utils: Successfully started service 'SparkUI' on port 4040.
26/04/23 04:22:18 INFO Executor: Starting executor ID driver on host 10.255.255.254
26/04/23 04:22:18 INFO Executor: OS info Linux, 6.6.87.2-microsoft-standard-WSL2, amd64
26/04/23 04:22:18 INFO Executor: Java version 17.0.18
26/04/23 04:22:18 INFO Executor: Starting executor with user classpath (userClassPathFirst = false): ''
26/04/23 04:22:18 INFO Executor: Created or updated repl class loader org.apache.spark.util.MutableURLClassLoader@62a5b5c8 for default.
26/04/23 04:22:18 INFO Utils: Successfully started service 'org.apache.spark.network.netty.NettyBlockTransferService' on port 45215.
26/04/23 04:22:18 INFO NettyBlockTransferService: Server created on 10.255.255.254:45215
26/04/23 04:22:18 INFO BlockManager: Using org.apache.spark.storage.RandomBlockReplicationPolicy for block replication policy
26/04/23 04:22:18 INFO BlockManagerMaster: Registering BlockManager BlockManagerId(driver, 10.255.255.254, 45215, None)
26/04/23 04:22:18 INFO BlockManagerMasterEndpoint: Registering block manager 10.255.255.254:45215 with 4.6 GiB RAM, BlockManagerId(driver, 10.255.255.254, 45215, None)
26/04/23 04:22:18 INFO BlockManagerMaster: Registered BlockManager BlockManagerId(driver, 10.255.255.254, 45215, None)
26/04/23 04:22:18 INFO BlockManager: Initialized BlockManager: BlockManagerId(driver, 10.255.255.254, 45215, None)
2026-04-23 04:22:19,450 | INFO | warehouse_etl | Starting warehouse ETL pipeline
26/04/23 04:22:22 WARN HiveConf: HiveConf of name hive.log.dir does not exist
2026-04-23 04:22:22,516 | INFO | warehouse_etl | Hive database ensured: fintech_dw
2026-04-23 04:22:22,516 | INFO | warehouse_etl | Reading users source
2026-04-23 04:22:22,516 | INFO | warehouse_etl | Reading users from /warehouse/raw/users
2026-04-23 04:22:24,335 | INFO | warehouse_etl | Reading cards_scd2 source
2026-04-23 04:22:24,336 | INFO | warehouse_etl | Reading cards_scd2 from /warehouse/history/cards_scd2
2026-04-23 04:22:24,498 | INFO | warehouse_etl | Reading transactions source
2026-04-23 04:22:24,498 | INFO | warehouse_etl | Reading transactions from /warehouse/raw/transactions
2026-04-23 04:22:24,656 | INFO | warehouse_etl | Building users_refined
2026-04-23 04:22:26,518 | INFO | warehouse_etl | Building cards_refined_scd2
2026-04-23 04:22:27,101 | INFO | warehouse_etl | Building transactions_refined
2026-04-23 04:22:27,407 | INFO | warehouse_etl | Writing users_refined
2026-04-23 04:22:27,407 | INFO | warehouse_etl | Start writing users_refined
26/04/23 04:22:27 WARN SparkStringUtils: Truncated the string representation of a plan since it was too large. This behavior can be adjusted by setting 'spark.sql.debug.maxToStringFields'.
2026-04-23 04:22:30,261 | INFO | warehouse_etl | users_refined written to /warehouse/datawarehouse/users_refined
2026-04-23 04:22:30,261 | INFO | warehouse_etl | Writing cards_refined_scd2
2026-04-23 04:22:30,261 | INFO | warehouse_etl | Start writing cards_refined_scd2
2026-04-23 04:22:31,400 | INFO | warehouse_etl | cards_refined_scd2 written to /warehouse/datawarehouse/cards_refined_scd2
2026-04-23 04:22:31,400 | INFO | warehouse_etl | Writing transactions_refined
2026-04-23 04:22:31,400 | INFO | warehouse_etl | Start preparing transactions_refined
2026-04-23 04:22:31,412 | INFO | warehouse_etl | Start writing transactions_refined
